manifest-merger-release-report.txt
-- Merging decision tree log ---
manifest
ADDED from AndroidManifest.xml:22:1
	package
		ADDED from AndroidManifest.xml:24:5
	android:versionName
		ADDED from AndroidManifest.xml:26:5
	xmlns:tools
		ADDED from AndroidManifest.xml:23:5
	android:versionCode
		ADDED from AndroidManifest.xml:25:5
		INJECTED from AndroidManifest.xml:0:0
		INJECTED from AndroidManifest.xml:0:0
	xmlns:android
		ADDED from AndroidManifest.xml:22:11
uses-permission#android.permission.WRITE_SETTINGS
ADDED from AndroidManifest.xml:27:5
	android:name
		ADDED from AndroidManifest.xml:27:22
uses-permission#android.permission.WRITE_EXTERNAL_STORAGE
ADDED from AndroidManifest.xml:28:5
	android:name
		ADDED from AndroidManifest.xml:28:22
uses-permission#com.android.launcher.permission.INSTALL_SHORTCUT
ADDED from AndroidManifest.xml:29:5
	android:name
		ADDED from AndroidManifest.xml:30:9
uses-sdk
ADDED from AndroidManifest.xml:31:5
MERGED from com.android.support:appcompat-v7:21.0.3:15:5
MERGED from com.android.support:support-v4:21.0.3:15:5
MERGED from com.afollestad:material-dialogs:0.4.4:8:5
MERGED from com.android.support:appcompat-v7:21.0.3:15:5
MERGED from com.android.support:support-v4:21.0.3:15:5
MERGED from com.pkmmte.view:circularimageview:1.1:7:5
MERGED from com.pnikosis:materialish-progress:1.0:7:5
MERGED from com.android.support:appcompat-v7:21.0.3:15:5
MERGED from com.android.support:support-v4:21.0.3:15:5
MERGED from com.melnykov:floatingactionbutton:1.0.7:8:5
MERGED from com.android.support:recyclerview-v7:21.0.0:15:5
MERGED from com.android.support:support-v4:21.0.3:15:5
	android:targetSdkVersion
		ADDED from AndroidManifest.xml:33:9
	android:minSdkVersion
		ADDED from AndroidManifest.xml:32:9
application
ADDED from AndroidManifest.xml:35:5
MERGED from com.android.support:appcompat-v7:21.0.3:16:5
MERGED from com.android.support:support-v4:21.0.3:16:5
MERGED from com.android.support:appcompat-v7:21.0.3:16:5
MERGED from com.android.support:support-v4:21.0.3:16:5
MERGED from com.pkmmte.view:circularimageview:1.1:11:5
MERGED from com.pnikosis:materialish-progress:1.0:11:5
MERGED from com.android.support:appcompat-v7:21.0.3:16:5
MERGED from com.android.support:support-v4:21.0.3:16:5
MERGED from com.melnykov:floatingactionbutton:1.0.7:12:5
MERGED from com.android.support:recyclerview-v7:21.0.0:17:5
MERGED from com.android.support:support-v4:21.0.3:16:5
	android:label
		ADDED from AndroidManifest.xml:38:9
		REJECTED from com.pnikosis:materialish-progress:1.0:14:9
	android:icon
		ADDED from AndroidManifest.xml:36:9
	android:allowBackup
		ADDED from com.pnikosis:materialish-progress:1.0:12:9
	tools:replace
		ADDED from AndroidManifest.xml:37:9
activity#com.amaze.filemanager.activities.MainActivity
ADDED from AndroidManifest.xml:40:9
	android:label
		ADDED from AndroidManifest.xml:41:13
	android:theme
		ADDED from AndroidManifest.xml:43:13
	android:name
		ADDED from AndroidManifest.xml:42:13
intent-filter#android.intent.action.MAIN+android.intent.category.LAUNCHER
ADDED from AndroidManifest.xml:44:13
action#android.intent.action.MAIN
ADDED from AndroidManifest.xml:45:17
	android:name
		ADDED from AndroidManifest.xml:45:25
category#android.intent.category.LAUNCHER
ADDED from AndroidManifest.xml:47:17
	android:name
		ADDED from AndroidManifest.xml:47:27
intent-filter#android.intent.action.GET_CONTENT+android.intent.category.DEFAULT+android.intent.category.OPENABLE
ADDED from AndroidManifest.xml:49:13
action#android.intent.action.GET_CONTENT
ADDED from AndroidManifest.xml:50:17
	android:name
		ADDED from AndroidManifest.xml:50:25
data
ADDED from AndroidManifest.xml:51:17
	android:mimeType
		ADDED from AndroidManifest.xml:51:23
category#android.intent.category.OPENABLE
ADDED from AndroidManifest.xml:52:17
	android:name
		ADDED from AndroidManifest.xml:52:27
category#android.intent.category.DEFAULT
ADDED from AndroidManifest.xml:53:17
	android:name
		ADDED from AndroidManifest.xml:53:27
activity#com.amaze.filemanager.activities.Preferences
ADDED from AndroidManifest.xml:60:3
	android:label
		ADDED from AndroidManifest.xml:62:13
	android:uiOptions
		ADDED from AndroidManifest.xml:61:4
	android:theme
		ADDED from AndroidManifest.xml:64:4
	android:name
		ADDED from AndroidManifest.xml:63:13
activity#com.amaze.filemanager.activities.TextReader
ADDED from AndroidManifest.xml:67:3
	android:label
		ADDED from AndroidManifest.xml:69:13
	android:theme
		ADDED from AndroidManifest.xml:71:4
	android:name
		ADDED from AndroidManifest.xml:70:13
service#com.amaze.filemanager.services.ExtractService
ADDED from AndroidManifest.xml:74:4
	android:process
		ADDED from AndroidManifest.xml:75:5
	android:label
		ADDED from AndroidManifest.xml:77:4
	android:name
		ADDED from AndroidManifest.xml:76:4
service#com.amaze.filemanager.services.ZipTask
ADDED from AndroidManifest.xml:79:13
	android:process
		ADDED from AndroidManifest.xml:82:2
	android:label
		ADDED from AndroidManifest.xml:81:4
	android:name
		ADDED from AndroidManifest.xml:80:4
service#com.amaze.filemanager.services.CopyService
ADDED from AndroidManifest.xml:85:4
	android:process
		ADDED from AndroidManifest.xml:88:17
	android:label
		ADDED from AndroidManifest.xml:87:4
	android:name
		ADDED from AndroidManifest.xml:86:4
activity#android.support.v7.widget.TestActivity
ADDED from com.android.support:recyclerview-v7:21.0.0:18:9
	android:label
		ADDED from com.android.support:recyclerview-v7:21.0.0:18:19
	android:name
		ADDED from com.android.support:recyclerview-v7:21.0.0:18:60